03/03/2021 18:39:41\ 
03/03/2021 18:39:44/justweather 
03/03/2021 18:39:54/updates 
03/03/2021 18:39:59/callClient GET 
03/03/2021 18:40:01/callClient POST 
03/03/2021 18:40:07/insertStudent 
03/03/2021 18:40:15/ping 
03/03/2021 18:57:45\ 
03/03/2021 19:57:59\ 
03/03/2021 19:58:25\ 
03/03/2021 19:59:23\ 
03/03/2021 20:00:57\ 
03/03/2021 20:01:40\ 
03/03/2021 20:03:29\ 
03/03/2021 20:03:32\ 
03/03/2021 20:03:39\ 
03/03/2021 20:03:57\ 
03/03/2021 20:05:19\ 
03/03/2021 20:05:24\ 
03/03/2021 20:05:29/updates 
03/03/2021 20:05:32\ 
03/03/2021 20:07:08\ 
03/03/2021 20:07:13/updates 
03/03/2021 20:07:15\ 
03/03/2021 20:09:39\ 
03/03/2021 20:10:01/justweather 
03/03/2021 20:10:09/updates 
03/03/2021 20:10:18/callClient GET 
03/03/2021 20:10:20/callClient POST 
03/03/2021 20:10:34/callClient GET 
03/03/2021 20:10:37/callClient POST 
03/03/2021 20:10:44/ping 
03/03/2021 20:11:50/insertStudent 
03/03/2021 20:16:22/callClient 
03/03/2021 20:16:39/student 
03/03/2021 20:17:03/student 
03/03/2021 20:17:03/student 
03/03/2021 20:18:21/student POST 
03/03/2021 20:18:27/student POST 
03/03/2021 20:18:32/student POST 
03/03/2021 20:19:28/student POST 
03/03/2021 20:19:38/student POST 
03/03/2021 20:20:29/student 
03/03/2021 20:20:43/student 
03/03/2021 20:20:45/student 
03/03/2021 20:20:56/student 
03/03/2021 20:20:57/student 
03/03/2021 20:21:01\ 
03/03/2021 20:21:05/student 
03/03/2021 20:21:37/student 
03/03/2021 20:21:38/student 
03/03/2021 20:21:53/student 
03/03/2021 20:21:54/student 
03/03/2021 20:21:55/student 
03/03/2021 20:22:45/student 
03/03/2021 20:22:51/student 
03/03/2021 20:24:01/student 
03/03/2021 20:24:06/student 
03/03/2021 20:24:08/student 
03/03/2021 20:25:18/student 
03/03/2021 20:26:13/student POST 
03/03/2021 20:28:58/student 
03/03/2021 20:28:59/student POST 
03/03/2021 20:29:02/student POST 
03/03/2021 20:29:06/student POST 
03/03/2021 20:29:12/student POST 
03/03/2021 20:33:55/updates 
03/03/2021 20:33:58/ 
03/03/2021 20:34:00\ 
03/03/2021 20:34:40\ 
03/03/2021 20:34:44/ 
03/03/2021 20:34:50/justweather 
03/03/2021 20:34:56/updates 
03/03/2021 20:35:01/callClient 
03/03/2021 20:35:04/callClient POST 
03/03/2021 20:35:10/insertStudent 
03/03/2021 20:35:24/ping 
03/03/2021 20:42:50/student 
03/03/2021 20:42:53/student POST 
03/03/2021 20:43:26/student 
03/03/2021 20:43:30/student POST 
03/03/2021 20:43:53/student 
03/03/2021 20:44:01/student POST 
03/03/2021 20:44:24/student POST 
03/03/2021 20:44:31/student POST 
03/03/2021 20:44:40/student POST 
03/03/2021 20:44:45/student POST 
03/03/2021 20:45:25/student POST 
03/03/2021 20:45:27/student 
03/03/2021 20:45:32/student POST 
03/03/2021 20:45:35/student POST 
03/03/2021 20:45:39/student POST 
03/03/2021 20:45:56/student POST 
03/03/2021 20:46:00/student POST 
03/03/2021 20:46:09/student 
03/03/2021 20:46:12/student POST 
03/03/2021 20:46:17/student POST 
03/03/2021 20:46:22/student POST 
03/03/2021 20:46:26/student POST 
03/03/2021 20:46:32/student POST 
03/03/2021 20:46:37/student POST 
03/03/2021 20:46:50/student POST 
03/03/2021 20:46:56/student 
03/03/2021 20:46:59/student POST 
03/03/2021 20:47:12/student POST 
03/03/2021 21:40:56/ 
03/03/2021 21:41:00/ping ip
03/03/2021 21:41:17/ping ip
03/03/2021 21:41:18/ping ip
03/03/2021 21:41:27/ping ip
03/03/2021 21:42:00/ping ip
03/03/2021 21:45:57/ping ip
03/03/2021 21:46:20/ping ip
03/03/2021 21:47:20/ping ip
03/03/2021 21:47:28/ping ip
03/03/2021 21:48:32/ping ip
03/03/2021 21:48:33/ping ip
03/03/2021 21:48:34/ping ip
03/03/2021 21:48:43/ping ip
03/03/2021 21:49:37/ping ip
03/03/2021 21:49:38/ping ip
03/03/2021 21:50:58/ping ip
03/03/2021 21:50:59/ping ip
03/03/2021 21:51:00/ping ip
03/03/2021 21:52:16/ping ip
03/03/2021 21:52:21/ping ip
03/03/2021 21:56:13/ping ip
03/03/2021 21:56:57/ping ip
03/03/2021 21:57:34/ping ip
03/03/2021 21:57:51/ping ip
03/03/2021 21:59:01/ping ip
03/03/2021 22:01:30/ping ip
03/03/2021 22:15:12/ping ip
03/03/2021 22:16:06/ping ip
03/03/2021 22:16:10/ 
03/03/2021 22:21:47/ping ip
03/03/2021 22:26:06/ping ip
03/03/2021 22:26:16/ping ip
03/03/2021 22:27:29/ping ip
03/03/2021 22:27:36/ping ip
03/03/2021 22:27:56/ping ip
03/03/2021 22:28:18/ping ip
03/03/2021 22:28:25/ping ip
03/03/2021 22:29:02/ping ip
03/03/2021 22:29:09/ping ip
03/03/2021 22:30:00/ping ip
03/03/2021 22:30:08/ping ip
03/03/2021 22:30:38/ping ip
03/03/2021 22:30:45/ping ip
03/03/2021 22:31:00/ping ip
03/03/2021 22:31:30/ping ip
03/03/2021 22:32:56/ping ip
03/03/2021 22:34:55/ping ip
03/03/2021 22:35:58/ping ip
03/03/2021 22:36:57/ping ip
03/03/2021 22:39:45/ping ip
03/03/2021 22:40:15/ping ip
03/03/2021 22:42:05/ping ip
03/03/2021 22:43:35/ping ip
03/03/2021 22:47:53/ping ip
03/03/2021 22:51:33/ping ip
03/03/2021 22:52:05/ping ip
03/03/2021 22:52:34/ping ip
03/03/2021 22:55:03/ping ip
03/03/2021 22:57:08/ping ip
03/03/2021 22:58:16/ping ip
03/03/2021 22:59:18/ping ip
03/03/2021 23:01:22/ping ip
03/03/2021 23:04:15/ 
03/03/2021 23:04:26/ping_server 
03/03/2021 23:04:28/ping_server POST
03/03/2021 23:04:51/ping ip
03/03/2021 23:10:57/ 
03/03/2021 23:12:33/ 
03/03/2021 23:12:35/ 
03/03/2021 23:12:55/ 
03/03/2021 23:13:36/ 
03/03/2021 23:15:05/ 
03/03/2021 23:15:06/ 
03/03/2021 23:15:13/ 
03/03/2021 23:15:27/ 
03/03/2021 23:15:28/ 
03/03/2021 23:15:33/ 
03/03/2021 23:16:12/ 
03/03/2021 23:20:03/ 
03/03/2021 23:23:43/ 
03/03/2021 23:23:44/ 
03/03/2021 23:23:49/ 
03/03/2021 23:24:14/ 
03/03/2021 23:24:15/ 
03/03/2021 23:24:24/ 
03/03/2021 23:24:26/updates 
03/03/2021 23:24:28/justweather 
03/03/2021 23:24:31/callClient 
03/03/2021 23:24:36/callClient 
03/03/2021 23:24:39/ 
03/03/2021 23:24:42/student 
03/03/2021 23:24:45/ping pong 
03/03/2021 23:29:18/ 
03/03/2021 23:29:25/updates 
03/03/2021 23:29:28/justweather 
03/03/2021 23:29:31/callClient 
03/03/2021 23:29:34/callClient POST 
03/03/2021 23:29:37/ 
03/03/2021 23:29:38\ 
03/03/2021 23:30:01/student 
03/03/2021 23:30:05/ping pong 
03/03/2021 23:30:08/ping pong 
03/03/2021 23:32:05/ 
03/03/2021 23:32:10/justweather 
03/03/2021 23:32:13/ 
03/03/2021 23:32:34/ 
03/03/2021 23:33:00/ 
03/03/2021 23:33:42/insertStudent 
03/03/2021 23:34:10/ 
03/03/2021 23:34:17/ 
03/03/2021 23:34:19/insertStudent 
03/03/2021 23:34:25/justweather 
03/03/2021 23:34:28/callClient 
03/03/2021 23:34:33/ 
03/03/2021 23:34:35/student 
03/03/2021 23:34:38/ping pong 
03/03/2021 23:34:41/ping_server 
03/03/2021 23:53:49/ping pong 
13/03/2021 16:17:07/ 
13/03/2021 16:17:22/ 
13/03/2021 16:17:28/justweather 
13/03/2021 16:17:39/ 
13/03/2021 16:17:50\ 
13/03/2021 16:18:51/ 
13/03/2021 16:19:10/justweather 
13/03/2021 16:20:02/updates 
13/03/2021 16:20:14/student 
13/03/2021 16:21:23/student POST 
13/03/2021 16:21:34/student 
13/03/2021 16:21:38/student POST 
